<?xml version="1.0" encoding="UTF-8"?>
<!-- Generated by org.testng.reporters.JUnitReportReporter -->
<testsuite hostname="DESKTOP-MD4BTEP" failures="0" tests="3" name="RetryLogs.Scenario_1" time="12.128" errors="0" timestamp="2024-02-08T09:55:56 IST" skipped="1">
  <testcase classname="RetryLogs.Scenario_1" name="case1" time="3.324">
    <skipped/>
  </testcase> <!-- case1 -->
  <system-out/>
  <testcase classname="RetryLogs.Scenario_1" name="case1" time="3.544"/>
  <system-out/>
  <testcase classname="RetryLogs.Scenario_1" name="case1" time="5.260"/>
  <system-out/>
</testsuite> <!-- RetryLogs.Scenario_1 -->
