<?xml version="1.0" encoding="UTF-8"?>
<!-- Generated by org.testng.reporters.JUnitReportReporter -->
<testsuite hostname="DESKTOP-MD4BTEP" failures="0" tests="1" name="testNGPractice.RedBus" time="11.904" errors="0" timestamp="2024-01-02T21:21:26 IST" skipped="0">
  <testcase classname="testNGPractice.RedBus" name="main" time="11.904"/>
  <system-out/>
</testsuite> <!-- testNGPractice.RedBus -->
