<?xml version="1.0" encoding="UTF-8"?>
<!-- Generated by org.testng.reporters.JUnitReportReporter -->
<testsuite hostname="DESKTOP-MD4BTEP" failures="0" tests="6" name="testNGPractice.AmazonBuyClick" time="22.846" errors="0" timestamp="2024-01-13T14:27:50 IST" skipped="0">
  <testcase classname="testNGPractice.AmazonBuyClick" name="launch" time="4.137"/>
  <system-out/>
  <testcase classname="testNGPractice.AmazonBuyClick" name="searchProduct" time="0.668"/>
  <system-out/>
  <testcase classname="testNGPractice.AmazonBuyClick" name="selectProduct" time="3.098"/>
  <system-out/>
  <testcase classname="testNGPractice.AmazonBuyClick" name="switchtoProductWindow" time="0.033"/>
  <system-out/>
  <testcase classname="testNGPractice.AmazonBuyClick" name="accountLogin" time="8.481"/>
  <system-out/>
  <testcase classname="testNGPractice.AmazonBuyClick" name="selectPaymentMethod" time="6.429"/>
  <system-out/>
</testsuite> <!-- testNGPractice.AmazonBuyClick -->
