<?xml version="1.0" encoding="UTF-8"?>
<!-- Generated by org.testng.reporters.JUnitReportReporter -->
<testsuite hostname="DESKTOP-MD4BTEP" failures="0" tests="11" name="testNGPractice.InvocatnCount" time="0.045" errors="0" timestamp="2024-01-13T11:38:31 IST" skipped="0">
  <testcase classname="testNGPractice.InvocatnCount" name="demo2" time="0.003"/>
  <system-out/>
  <testcase classname="testNGPractice.InvocatnCount" name="demo2" time="0.001"/>
  <system-out/>
  <testcase classname="testNGPractice.InvocatnCount" name="demo2" time="0.002"/>
  <system-out/>
  <testcase classname="testNGPractice.InvocatnCount" name="demo1" time="0.018"/>
  <system-out/>
  <testcase classname="testNGPractice.InvocatnCount" name="demo2" time="0.003"/>
  <system-out/>
  <testcase classname="testNGPractice.InvocatnCount" name="demo2" time="0.003"/>
  <system-out/>
  <testcase classname="testNGPractice.InvocatnCount" name="demo2" time="0.003"/>
  <system-out/>
  <testcase classname="testNGPractice.InvocatnCount" name="demo2" time="0.005"/>
  <system-out/>
  <testcase classname="testNGPractice.InvocatnCount" name="demo2" time="0.003"/>
  <system-out/>
  <testcase classname="testNGPractice.InvocatnCount" name="demo2" time="0.002"/>
  <system-out/>
  <testcase classname="testNGPractice.InvocatnCount" name="demo2" time="0.002"/>
  <system-out/>
</testsuite> <!-- testNGPractice.InvocatnCount -->
