<?xml version="1.0" encoding="UTF-8"?>
<!-- Generated by org.testng.reporters.JUnitReportReporter -->
<testsuite hostname="DESKTOP-MD4BTEP" failures="0" tests="1" name="testNGPractice.CalenderPract" time="8.208" errors="0" timestamp="2024-01-12T18:36:13 IST" skipped="0">
  <testcase classname="testNGPractice.CalenderPract" name="redBus" time="8.208"/>
  <system-out/>
</testsuite> <!-- testNGPractice.CalenderPract -->
