<?xml version="1.0" encoding="UTF-8"?>
<!-- Generated by org.testng.reporters.JUnitReportReporter -->
<testsuite hostname="DESKTOP-MD4BTEP" failures="0" tests="2" name="testNGPractice.TestNGDemo" time="0.017" errors="0" timestamp="2023-12-26T09:10:02 IST" skipped="0">
  <testcase classname="testNGPractice.TestNGDemo" name="case51" time="0.006"/>
  <system-out/>
  <testcase classname="testNGPractice.TestNGDemo" name="case5" time="0.011"/>
  <system-out/>
</testsuite> <!-- testNGPractice.TestNGDemo -->
