<?xml version="1.0" encoding="UTF-8"?>
<!-- Generated by org.testng.reporters.JUnitReportReporter -->
<testsuite hostname="DESKTOP-MD4BTEP" failures="0" tests="11" name="testNGPractice.InvocatnCountAssign6" time="0.052" errors="0" timestamp="2024-01-13T11:42:45 IST" skipped="0">
  <testcase classname="testNGPractice.InvocatnCountAssign6" name="demo2" time="0.004"/>
  <system-out/>
  <testcase classname="testNGPractice.InvocatnCountAssign6" name="demo2" time="0.006"/>
  <system-out/>
  <testcase classname="testNGPractice.InvocatnCountAssign6" name="demo2" time="0.002"/>
  <system-out/>
  <testcase classname="testNGPractice.InvocatnCountAssign6" name="demo2" time="0.003"/>
  <system-out/>
  <testcase classname="testNGPractice.InvocatnCountAssign6" name="demo2" time="0.003"/>
  <system-out/>
  <testcase classname="testNGPractice.InvocatnCountAssign6" name="demo2" time="0.001"/>
  <system-out/>
  <testcase classname="testNGPractice.InvocatnCountAssign6" name="demo2" time="0.022"/>
  <system-out/>
  <testcase classname="testNGPractice.InvocatnCountAssign6" name="demo2" time="0.003"/>
  <system-out/>
  <testcase classname="testNGPractice.InvocatnCountAssign6" name="demo2" time="0.003"/>
  <system-out/>
  <testcase classname="testNGPractice.InvocatnCountAssign6" name="demo2" time="0.003"/>
  <system-out/>
  <testcase classname="testNGPractice.InvocatnCountAssign6" name="demo1" time="0.002"/>
  <system-out/>
</testsuite> <!-- testNGPractice.InvocatnCountAssign6 -->
