<?xml version="1.0" encoding="UTF-8"?>
<!-- Generated by org.testng.reporters.JUnitReportReporter -->
<testsuite hostname="DESKTOP-MD4BTEP" failures="0" tests="3" name="dataProvider_singleDimArray.RegPage2DimArray_Assign15" time="79.207" errors="0" timestamp="2024-01-30T16:07:29 IST" skipped="0">
  <testcase classname="dataProvider_singleDimArray.RegPage2DimArray_Assign15" name="test1" time="6.964"/>
  <system-out/>
  <testcase classname="dataProvider_singleDimArray.RegPage2DimArray_Assign15" name="test1" time="9.053"/>
  <system-out/>
  <testcase classname="dataProvider_singleDimArray.RegPage2DimArray_Assign15" name="test1" time="63.190"/>
  <system-out/>
</testsuite> <!-- dataProvider_singleDimArray.RegPage2DimArray_Assign15 -->
