<?xml version="1.0" encoding="UTF-8"?>
<!-- Generated by org.testng.reporters.JUnitReportReporter -->
<testsuite hostname="DESKTOP-MD4BTEP" failures="0" tests="1" name="dataProvider_singleDimArray.RegPage2DimArray" time="6.267" errors="0" timestamp="2024-01-18T19:43:36 IST" skipped="0">
  <testcase classname="dataProvider_singleDimArray.RegPage2DimArray" name="test1" time="6.267"/>
  <system-out/>
</testsuite> <!-- dataProvider_singleDimArray.RegPage2DimArray -->
