<?xml version="1.0" encoding="UTF-8"?>
<!-- Generated by org.testng.reporters.JUnitReportReporter -->
<testsuite hostname="DESKTOP-MD4BTEP" failures="0" tests="2" name="dataProvider_singleDimArray.dataProvider_twoDimArray" time="0.015" errors="0" timestamp="2024-01-18T19:27:14 IST" skipped="0">
  <testcase classname="dataProvider_singleDimArray.dataProvider_twoDimArray" name="testcase1" time="0.002"/>
  <system-out/>
  <testcase classname="dataProvider_singleDimArray.dataProvider_twoDimArray" name="testcase1" time="0.013"/>
  <system-out/>
</testsuite> <!-- dataProvider_singleDimArray.dataProvider_twoDimArray -->
