<?xml version="1.0" encoding="UTF-8"?>
<!-- Generated by org.testng.reporters.JUnitReportReporter -->
<testsuite hostname="DESKTOP-MD4BTEP" failures="0" tests="1" name="testNGPractice.FlipcartHoverDDmenu" time="8.685" errors="0" timestamp="2024-01-06T12:26:12 IST" skipped="0">
  <testcase classname="testNGPractice.FlipcartHoverDDmenu" name="main" time="8.685"/>
  <system-out/>
</testsuite> <!-- testNGPractice.FlipcartHoverDDmenu -->
