<?xml version="1.0" encoding="UTF-8"?>
<!-- Generated by org.testng.reporters.JUnitReportReporter -->
<testsuite hostname="DESKTOP-MD4BTEP" failures="0" tests="2" name="testNGPractice.FormattedTC" time="14.900" errors="0" timestamp="2023-12-26T09:19:39 IST" skipped="0">
  <testcase classname="testNGPractice.FormattedTC" name="mainLogic1" time="6.904"/>
  <system-out/>
  <testcase classname="testNGPractice.FormattedTC" name="mainLogic2" time="7.996"/>
  <system-out/>
</testsuite> <!-- testNGPractice.FormattedTC -->
