<?xml version="1.0" encoding="UTF-8"?>
<!-- Generated by org.testng.reporters.JUnitReportReporter -->
<testsuite hostname="DESKTOP-MD4BTEP" failures="0" tests="1" name="testNGPractice.ExamTestNG" time="18.535" errors="0" timestamp="2024-01-24T09:17:11 IST" skipped="0">
  <testcase classname="testNGPractice.ExamTestNG" name="examTest" time="18.535"/>
  <system-out/>
</testsuite> <!-- testNGPractice.ExamTestNG -->
