<?xml version="1.0" encoding="UTF-8"?>
<!-- Generated by org.testng.reporters.JUnitReportReporter -->
<testsuite hostname="DESKTOP-MD4BTEP" failures="0" tests="3" name="grouping.ExcludeinGrouping" time="0.020" errors="0" timestamp="2024-01-13T19:57:42 IST" skipped="0">
  <testcase classname="grouping.ExcludeinGrouping" name="testcase4" time="0.002"/>
  <system-out/>
  <testcase classname="grouping.ExcludeinGrouping" name="testcase1" time="0.016"/>
  <system-out/>
  <testcase classname="grouping.ExcludeinGrouping" name="testcase3" time="0.002"/>
  <system-out/>
</testsuite> <!-- grouping.ExcludeinGrouping -->
