<?xml version="1.0" encoding="UTF-8"?>
<!-- Generated by org.testng.reporters.JUnitReportReporter -->
<testsuite hostname="DESKTOP-MD4BTEP" failures="0" tests="1" name="ListenersDemo.ListenTest" time="0.016" errors="0" timestamp="2024-02-03T17:04:13 IST" skipped="0">
  <testcase classname="ListenersDemo.ListenTest" name="test1" time="0.016"/>
  <system-out>
    <![CDATA[this is onTestStart
this is onTestSuccess]]>
  </system-out>
</testsuite> <!-- ListenersDemo.ListenTest -->
