<?xml version="1.0" encoding="UTF-8"?>
<!-- Generated by org.testng.reporters.JUnitReportReporter -->
<testsuite hostname="DESKTOP-MD4BTEP" failures="0" tests="1" name="dataProviderDemo.DataProviderAnnotation_1" time="0.013" errors="0" timestamp="2024-01-18T18:14:51 IST" skipped="0">
  <testcase classname="dataProviderDemo.DataProviderAnnotation_1" name="scenario1" time="0.013"/>
  <system-out/>
</testsuite> <!-- dataProviderDemo.DataProviderAnnotation_1 -->
