<?xml version="1.0" encoding="UTF-8"?>
<!-- Generated by org.testng.reporters.JUnitReportReporter -->
<testsuite hostname="DESKTOP-MD4BTEP" failures="0" tests="3" name="testNGPractice.InvocatnCountAssign6_7" time="0.017" errors="0" timestamp="2024-02-06T14:36:28 IST" skipped="0">
  <testcase classname="testNGPractice.InvocatnCountAssign6_7" name="demo2" time="0.005"/>
  <system-out/>
  <testcase classname="testNGPractice.InvocatnCountAssign6_7" name="demo2" time="0.009"/>
  <system-out/>
  <testcase classname="testNGPractice.InvocatnCountAssign6_7" name="demo1" time="0.003"/>
  <system-out/>
</testsuite> <!-- testNGPractice.InvocatnCountAssign6_7 -->
