<?xml version="1.0" encoding="UTF-8"?>
<!-- Generated by org.testng.reporters.JUnitReportReporter -->
<testsuite hostname="DESKTOP-MD4BTEP" failures="0" tests="1" name="testNGPractice.ActionsDemo" time="4.236" errors="0" timestamp="2024-01-13T18:26:10 IST" skipped="0">
  <testcase classname="testNGPractice.ActionsDemo" name="actiontest" time="4.236"/>
  <system-out/>
</testsuite> <!-- testNGPractice.ActionsDemo -->
