<?xml version="1.0" encoding="UTF-8"?>
<!-- Generated by org.testng.reporters.JUnitReportReporter -->
<testsuite hostname="DESKTOP-MD4BTEP" failures="0" tests="3" name="testNGPractice.Assign3" time="0.023" errors="0" timestamp="2024-01-13T11:25:21 IST" skipped="0">
  <testcase classname="testNGPractice.Assign3" name="demo3" time="0.004"/>
  <system-out/>
  <testcase classname="testNGPractice.Assign3" name="demo1" time="0.018"/>
  <system-out/>
  <testcase classname="testNGPractice.Assign3" name="demo2" time="0.001"/>
  <system-out/>
</testsuite> <!-- testNGPractice.Assign3 -->
