<?xml version="1.0" encoding="UTF-8"?>
<!-- Generated by org.testng.reporters.JUnitReportReporter -->
<testsuite hostname="DESKTOP-MD4BTEP" failures="0" tests="4" name="grouping.GroupDemo" time="0.021" errors="0" timestamp="2024-01-13T19:36:41 IST" skipped="0">
  <testcase classname="grouping.GroupDemo" name="testcase1" time="0.014"/>
  <system-out/>
  <testcase classname="grouping.GroupDemo" name="testcase4" time="0.003"/>
  <system-out/>
  <testcase classname="grouping.GroupDemo" name="testcase2" time="0.002"/>
  <system-out/>
  <testcase classname="grouping.GroupDemo" name="testcase5" time="0.002"/>
  <system-out/>
</testsuite> <!-- grouping.GroupDemo -->
