<?xml version="1.0" encoding="UTF-8"?>
<!-- Generated by org.testng.reporters.JUnitReportReporter -->
<testsuite hostname="DESKTOP-MD4BTEP" failures="0" tests="6" name="testNGPractice.AmazonBuyClickAssign8_9" time="30.759" errors="0" timestamp="2024-01-17T10:25:35 IST" skipped="0">
  <testcase classname="testNGPractice.AmazonBuyClickAssign8_9" name="launch" time="5.216"/>
  <system-out/>
  <testcase classname="testNGPractice.AmazonBuyClickAssign8_9" name="searchProduct" time="5.839"/>
  <system-out/>
  <testcase classname="testNGPractice.AmazonBuyClickAssign8_9" name="selectProduct" time="1.119"/>
  <system-out/>
  <testcase classname="testNGPractice.AmazonBuyClickAssign8_9" name="switchtoProductWindow" time="0.088"/>
  <system-out/>
  <testcase classname="testNGPractice.AmazonBuyClickAssign8_9" name="accountLogin" time="17.799"/>
  <system-out/>
  <testcase classname="testNGPractice.AmazonBuyClickAssign8_9" name="selectPaymentMethod" time="0.698"/>
  <system-out/>
</testsuite> <!-- testNGPractice.AmazonBuyClickAssign8_9 -->
