<?xml version="1.0" encoding="UTF-8"?>
<!-- Generated by org.testng.reporters.JUnitReportReporter -->
<testsuite hostname="DESKTOP-MD4BTEP" failures="0" tests="3" name="dataProvider_singleDimArray.DataProviderAnnotation_1" time="0.017" errors="0" timestamp="2024-01-20T08:44:49 IST" skipped="0">
  <testcase classname="dataProvider_singleDimArray.DataProviderAnnotation_1" name="testCase1" time="0.012"/>
  <system-out/>
  <testcase classname="dataProvider_singleDimArray.DataProviderAnnotation_1" name="testCase1" time="0.003"/>
  <system-out/>
  <testcase classname="dataProvider_singleDimArray.DataProviderAnnotation_1" name="testCase1" time="0.002"/>
  <system-out/>
</testsuite> <!-- dataProvider_singleDimArray.DataProviderAnnotation_1 -->
